<?xml version="1.0" encoding="UTF-8"?>
<testsuite name="Autenticacion en OrangeHRM" tests="2" skipped="0" failures="2" errors="0" timestamp="2025-07-04T23:06:10.542Z" hostname="DESKTOP-8AFIBA1" time="31.787">
  <properties/>
  <testcase name="Login exitoso con credenciales válidas" classname="Autenticacion en OrangeHRM" time="20.517">
    <failure message="java.lang.AssertionError: &#10;Expected: an element that is visible&#10;     but: no matching element found by [Login button located with: xpath: //button[@type='submit']]" type="java.lang.AssertionError">java.lang.AssertionError: 
Expected: an element that is visible
     but: no matching element found by [Login button located with: xpath: //button[@type='submit']]
	at org.hamcrest.MatcherAssert.assertThat(MatcherAssert.java:20)
	at org.hamcrest.MatcherAssert.assertThat(MatcherAssert.java:8)
	at net.serenitybdd.screenplay.QuestionConsequence.evaluateFor(QuestionConsequence.java:49)
	at net.serenitybdd.screenplay.EventualConsequence.evaluateFor(EventualConsequence.java:59)
	at net.serenitybdd.screenplay.Actor.check(Actor.java:420)
	at net.serenitybdd.screenplay.Actor.should(Actor.java:392)
	at net.serenitybdd.screenplay.waits.WaitUntilBuilder$1.performAs(WaitUntilBuilder.java:29)
	at net.serenitybdd.screenplay.Actor.performTask(Actor.java:299)
	at net.serenitybdd.screenplay.Actor.perform(Actor.java:274)
	at net.serenitybdd.screenplay.Actor.performSilently(Actor.java:254)
	at net.serenitybdd.screenplay.Actor.attemptsTo(Actor.java:211)
	at net.serenitybdd.screenplay.Actor.attemptsTo(Actor.java:222)
	at co.edu.udea.certificacion.recursoshumanos.tasks.Login$ClickLoginButton.performAs(Login.java:53)
	at co.edu.udea.certificacion.recursoshumanos.tasks.Login$ClickLoginButton$ByteBuddy$9ifOiCON.performAs$accessor$TQfwKHj3(Unknown Source)
	at java.base/jdk.internal.reflect.NativeMethodAccessorImpl.invoke0(Native Method)
	at java.base/jdk.internal.reflect.NativeMethodAccessorImpl.invoke(NativeMethodAccessorImpl.java:62)
	at java.base/jdk.internal.reflect.DelegatingMethodAccessorImpl.invoke(DelegatingMethodAccessorImpl.java:43)
	at java.base/java.lang.reflect.Method.invoke(Method.java:566)
	at net.thucydides.core.steps.StepInterceptor.invokeMethod(StepInterceptor.java:524)
	at net.thucydides.core.steps.StepInterceptor.executeTestStepMethod(StepInterceptor.java:504)
	at net.thucydides.core.steps.StepInterceptor.runTestStep(StepInterceptor.java:476)
	at net.thucydides.core.steps.StepInterceptor.runOrSkipMethod(StepInterceptor.java:218)
	at net.thucydides.core.steps.StepInterceptor.testStepResult(StepInterceptor.java:205)
	at net.thucydides.core.steps.StepInterceptor.intercept(StepInterceptor.java:93)
	at net.thucydides.core.steps.ProxyConfiguration$InterceptorDispatcher.intercept(ProxyConfiguration.java:51)
	at co.edu.udea.certificacion.recursoshumanos.tasks.Login$ClickLoginButton$ByteBuddy$9ifOiCON.performAs(Unknown Source)
	at net.serenitybdd.screenplay.Actor.performTask(Actor.java:299)
	at net.serenitybdd.screenplay.Actor.perform(Actor.java:274)
	at net.serenitybdd.screenplay.Actor.attemptsTo(Actor.java:215)
	at net.serenitybdd.screenplay.Actor.attemptsTo(Actor.java:222)
	at co.edu.udea.certificacion.recursoshumanos.stepdefinitions.LoginStepDefinition.hagoClicEnElBoton(LoginStepDefinition.java:48)
	at ✽.hago clic en el boton &quot;Login&quot;(file:///D:/Proyectos%20UDEA/Automation2/src/test/resources/features/login.feature:11)
</failure>
  </testcase>
  <testcase name="Validar elementos del dashboard después del login" classname="Autenticacion en OrangeHRM" time="11.267">
    <failure message="java.lang.AssertionError: &#10;Expected: an element that is visible&#10;     but: no matching element found by [Username field located with: name: username]" type="java.lang.AssertionError">java.lang.AssertionError: 
Expected: an element that is visible
     but: no matching element found by [Username field located with: name: username]
	at org.hamcrest.MatcherAssert.assertThat(MatcherAssert.java:20)
	at org.hamcrest.MatcherAssert.assertThat(MatcherAssert.java:8)
	at net.serenitybdd.screenplay.QuestionConsequence.evaluateFor(QuestionConsequence.java:49)
	at net.serenitybdd.screenplay.EventualConsequence.evaluateFor(EventualConsequence.java:59)
	at net.serenitybdd.screenplay.Actor.check(Actor.java:420)
	at net.serenitybdd.screenplay.Actor.should(Actor.java:392)
	at net.serenitybdd.screenplay.waits.WaitUntilBuilder$1.performAs(WaitUntilBuilder.java:29)
	at net.serenitybdd.screenplay.Actor.performTask(Actor.java:299)
	at net.serenitybdd.screenplay.Actor.perform(Actor.java:274)
	at net.serenitybdd.screenplay.Actor.performSilently(Actor.java:254)
	at net.serenitybdd.screenplay.Actor.attemptsTo(Actor.java:211)
	at net.serenitybdd.screenplay.Actor.attemptsTo(Actor.java:222)
	at co.edu.udea.certificacion.recursoshumanos.tasks.Login.performAs(Login.java:25)
	at co.edu.udea.certificacion.recursoshumanos.tasks.Login$ByteBuddy$LFhHRNdz.performAs$accessor$vKVsz3Ag(Unknown Source)
	at java.base/jdk.internal.reflect.NativeMethodAccessorImpl.invoke0(Native Method)
	at java.base/jdk.internal.reflect.NativeMethodAccessorImpl.invoke(NativeMethodAccessorImpl.java:62)
	at java.base/jdk.internal.reflect.DelegatingMethodAccessorImpl.invoke(DelegatingMethodAccessorImpl.java:43)
	at java.base/java.lang.reflect.Method.invoke(Method.java:566)
	at net.thucydides.core.steps.StepInterceptor.invokeMethod(StepInterceptor.java:524)
	at net.thucydides.core.steps.StepInterceptor.executeTestStepMethod(StepInterceptor.java:504)
	at net.thucydides.core.steps.StepInterceptor.runTestStep(StepInterceptor.java:476)
	at net.thucydides.core.steps.StepInterceptor.runOrSkipMethod(StepInterceptor.java:218)
	at net.thucydides.core.steps.StepInterceptor.testStepResult(StepInterceptor.java:205)
	at net.thucydides.core.steps.StepInterceptor.intercept(StepInterceptor.java:93)
	at net.thucydides.core.steps.ProxyConfiguration$InterceptorDispatcher.intercept(ProxyConfiguration.java:51)
	at co.edu.udea.certificacion.recursoshumanos.tasks.Login$ByteBuddy$LFhHRNdz.performAs(Unknown Source)
	at net.serenitybdd.screenplay.Actor.performTask(Actor.java:299)
	at net.serenitybdd.screenplay.Actor.perform(Actor.java:274)
	at net.serenitybdd.screenplay.Actor.attemptsTo(Actor.java:215)
	at net.serenitybdd.screenplay.Actor.attemptsTo(Actor.java:222)
	at co.edu.udea.certificacion.recursoshumanos.stepdefinitions.LoginStepDefinition.ingresoCredencialesValidasYMeAutentico(LoginStepDefinition.java:69)
	at ✽.ingreso credenciales validas y me autentico(file:///D:/Proyectos%20UDEA/Automation2/src/test/resources/features/login.feature:17)
</failure>
  </testcase>
  <system-out><![CDATA[]]></system-out>
  <system-err><![CDATA[[Test worker] INFO  - 
  _____   ___   ___   _____     ___   _____     _     ___   _____   ___   ___  
 |_   _| | __| / __| |_   _|   / __| |_   _|   /_\   | _ \ |_   _| | __| |   \ 
   | |   | _|  \__ \   | |     \__ \   | |    / _ \  |   /   | |   | _|  | |) |
   |_|   |___| |___/   |_|     |___/   |_|   /_/ \_\ |_|_\   |_|   |___| |___/ 

Login exitoso con credenciales válidas(autenticacion-en-orangehrm;login-exitoso-con-credenciales-válidas)
--------------------------------------------------------------------------------
[Test worker] INFO net.serenitybdd.core.webdriver.driverproviders.ChromeDriverProvider - Starting Chrome driver instance with capabilities:
[Test worker] INFO net.serenitybdd.core.webdriver.driverproviders.ChromeDriverProvider - Capabilities {acceptInsecureCerts: true, browserName: chrome, goog:chromeOptions: {args: [remote-allow-origins=*, --disable-popup-blocking,--...], extensions: []}}
jul. 04, 2025 6:06:15 P. M. org.openqa.selenium.devtools.CdpVersionFinder findNearestMatch
ADVERTENCIA: Unable to find CDP implementation matching 138
jul. 04, 2025 6:06:15 P. M. org.openqa.selenium.chromium.ChromiumDriver lambda$new$5
ADVERTENCIA: Unable to find version of CDP to use for 138.0.7204.97. You may need to include a dependency on a specific version of the CDP using something similar to `org.seleniumhq.selenium:selenium-devtools-v86:4.16.1` where the version ("v86") matches the version of the chromium-based browser you're using and the version number of the artifact is the same as Selenium's.
[Test worker] ERROR  - ?[91m
  _____   ___   ___   _____     ___     _     ___   _      ___   ___  
 |_   _| | __| / __| |_   _|   | __|   /_\   |_ _| | |    | __| |   \ 
   | |   | _|  \__ \   | |     | _|   / _ \   | |  | |__  | _|  | |) |
   |_|   |___| |___/   |_|     |_|   /_/ \_\ |___| |____| |___| |___/ 

Login exitoso con credenciales válidas
-----------------------------------------------------------------------?[0m
[Test worker] ERROR  - ?[91m    Test failed at step: User click login button?[0m
[Test worker] ERROR  - ?[91m    Expected: an element that is visible but: no matching element found by [Login button located with: xpath: //button[@type='submit']]?[0m
[Test worker] INFO  - 
  _____   ___   ___   _____     ___   _____     _     ___   _____   ___   ___  
 |_   _| | __| / __| |_   _|   / __| |_   _|   /_\   | _ \ |_   _| | __| |   \ 
   | |   | _|  \__ \   | |     \__ \   | |    / _ \  |   /   | |   | _|  | |) |
   |_|   |___| |___/   |_|     |___/   |_|   /_/ \_\ |_|_\   |_|   |___| |___/ 

Validar elementos del dashboard después del login(autenticacion-en-orangehrm;validar-elementos-del-dashboard-después-del-login)
--------------------------------------------------------------------------------
[Test worker] ERROR  - ?[91m
  _____   ___   ___   _____     ___     _     ___   _      ___   ___  
 |_   _| | __| / __| |_   _|   | __|   /_\   |_ _| | |    | __| |   \ 
   | |   | _|  \__ \   | |     | _|   / _ \   | |  | |__  | _|  | |) |
   |_|   |___| |___/   |_|     |_|   /_/ \_\ |___| |____| |___| |___/ 

Validar elementos del dashboard después del login
-----------------------------------------------------------------------?[0m
[Test worker] ERROR  - ?[91m    Test failed at step: User login?[0m
[Test worker] ERROR  - ?[91m    Expected: an element that is visible but: no matching element found by [Username field located with: name: username]?[0m
]]></system-err>
</testsuite>
